<?xml version="1.0" encoding="UTF-8"?>
<!-- Generated by org.testng.reporters.JUnitReportReporter -->
<testsuite hostname="LTIN272919" failures="0" tests="3" name="TestRunner.Runner" time="407.795" errors="0" timestamp="2024-03-06T11:10:49 IST" skipped="0">
  <testcase classname="TestRunner.Runner" name="runScenario" time="8.542"/>
  <system-out/>
  <testcase classname="TestRunner.Runner" name="runScenario" time="373.520"/>
  <system-out/>
  <testcase classname="TestRunner.Runner" name="runScenario" time="25.733"/>
  <system-out/>
</testsuite> <!-- TestRunner.Runner -->
